[{
  "data": "[NbConvertApp] Converting notebook script.ipynb to html\n",
  "stream_name": "stderr",
  "time": 4.785262967001472
},{
  "data": "[NbConvertApp] Executing notebook with kernel: python3\n",
  "stream_name": "stderr",
  "time": 8.310078083995904
},{
  "data": "2018-11-29 14:11:32.672520: I tensorflow/stream_executor/cuda/cuda_gpu_executor.cc:964] successful NUMA node read from SysFS had negative value (-1), but there must be at least one NUMA node, so returning NUMA node zero\n2018-11-29 14:11:32.673041: I tensorflow/core/common_runtime/gpu/gpu_device.cc:1411] Found device 0 with properties: \nname: Tesla K80 major: 3 minor: 7 memoryClockRate(GHz): 0.8235\npciBusID: 0000:00:04.0\ntotalMemory: 11.17GiB freeMemory: 11.10GiB\n2018-11-29 14:11:32.673076: I tensorflow/core/common_runtime/gpu/gpu_device.cc:1490] Adding visible gpu devices: 0\n",
  "stream_name": "stderr",
  "time": 1498.7278448979996
},{
  "data": "2018-11-29 14:11:32.927623: I tensorflow/core/common_runtime/gpu/gpu_device.cc:971] Device interconnect StreamExecutor with strength 1 edge matrix:\n2018-11-29 14:11:32.927669: I tensorflow/core/common_runtime/gpu/gpu_device.cc:977]      0 \n2018-11-29 14:11:32.927680: I tensorflow/core/common_runtime/gpu/gpu_device.cc:990] 0:   N \n",
  "stream_name": "stderr",
  "time": 1498.9773753839982
},{
  "data": "2018-11-29 14:11:32.927994: I tensorflow/core/common_runtime/gpu/gpu_device.cc:1103] Created TensorFlow device (/job:localhost/replica:0/task:0/device:GPU:0 with 10758 MB memory) -> physical GPU (device: 0, name: Tesla K80, pci bus id: 0000:00:04.0, compute capability: 3.7)\n",
  "stream_name": "stderr",
  "time": 1498.9814529139985
},{
  "data": "[NbConvertApp] Support files will be in __results___files/\n[NbConvertApp] Making directory __results___files\n",
  "stream_name": "stderr",
  "time": 2273.5683712669997
},{
  "data": "[NbConvertApp] Making directory __results___files\n[NbConvertApp] Making directory __results___files\n[NbConvertApp] Writing 322623 bytes to __results__.html\n",
  "stream_name": "stderr",
  "time": 2273.572274913
}]